<?xml version="1.0" encoding="UTF-8"?>
<!-- Generated by org.testng.reporters.JUnitReportReporter -->
<testsuite skipped="0" hostname="DESKTOP-COH5C1I" name="com.abc.googlesearch.tests.GoogleSearchTest" tests="1" failures="0" timestamp="22 Aug 2019 04:54:58 GMT" time="16.285" errors="0">
  <testcase name="googleSearch" time="16.285" classname="com.abc.googlesearch.tests.GoogleSearchTest"/>
</testsuite> <!-- com.abc.googlesearch.tests.GoogleSearchTest -->
