<?xml version="1.0" encoding="UTF-8"?>
<!-- Generated by org.testng.reporters.JUnitReportReporter -->
<testsuite skipped="0" hostname="DESKTOP-COH5C1I" name="com.abc.googlesearch.tests.test" tests="1" failures="0" timestamp="21 Aug 2019 06:17:37 GMT" time="0.020" errors="0">
  <testcase name="TestMet" time="0.020" classname="com.abc.googlesearch.tests.test"/>
</testsuite> <!-- com.abc.googlesearch.tests.test -->
